2026-03-18 20:47:27,140 [INFO] [MainThread] [root/log.py:95]: YASB v1.9.0
2026-03-18 20:47:27,141 [INFO] [CLIPipeServer] [cli_server/cli_server.py:215]: CLI server started v1.1.6
2026-03-18 20:47:27,141 [INFO] [MainThread] [cli_server/cli_server.py:106]: Log pipe server started
2026-03-18 20:47:27,193 [DEBUG] [MainThread] [qasync._windows._EventPoller/_windows.py:215]: Starting (proactor: <_IocpProactor overlapped#=0 result#=0>)...
2026-03-18 20:47:27,194 [DEBUG] [Dummy-3] [qasync._windows._EventWorker/_windows.py:195]: Thread started
2026-03-18 20:47:27,199 [INFO] [MainThread] [root/config.py:59]: Created default config file at C:\Users\KIMDB1\.config\yasb\config.yaml
2026-03-18 20:47:27,212 [INFO] [MainThread] [root/config.py:73]: Created default stylesheet at C:\Users\KIMDB1\.config\yasb\styles.css
2026-03-18 20:47:28,771 [ERROR] [MainThread] [root/weather.py:41]: API key or location is missing. Please provide a valid API key and location.
2026-03-18 20:47:28,785 [INFO] [MainThread] [root/service.py:41]: AudioInputService starting...
2026-03-18 20:47:28,854 [INFO] [MainThread] [root/service.py:52]: AudioOutputService starting...
2026-03-18 20:47:28,994 [INFO] [MainThread] [root/bar_manager.py:88]: Starting SystemEventListener...
2026-03-18 20:47:28,995 [INFO] [MainThread] [root/bar_manager.py:88]: Starting KomorebiEventListener...
2026-03-18 20:47:28,995 [INFO] [MainThread] [root/bar_manager.py:88]: Starting WindowsNotificationEventListener...
2026-03-18 20:47:28,999 [INFO] [MainThread] [root/watcher.py:65]: Watching directory: c:\users\kimdb1\.config\yasb
2026-03-18 20:47:28,999 [INFO] [MainThread] [root/watcher.py:104]: Created file watcher
2026-03-18 20:47:29,107 [INFO] [Dummy-8] [root/event_listener.py:51]: Created named pipe yasb-d2f04cee-2324-11f1-8dbe-b8f775eb87a9
2026-03-18 20:51:32,417 [DEBUG] [Thread-6] [root/watcher.py:90]: Config file modified: c:\users\kimdb1\.config\yasb\config.yaml
2026-03-18 20:51:32,447 [INFO] [MainThread] [root/controller.py:15]: Reloading Application because of config change.
2026-03-18 20:51:32,560 [INFO] [MainThread] [cli_server/cli_server.py:114]: Log pipe server stopped
2026-03-18 20:51:32,560 [DEBUG] [MainThread] [cli_server/cli_server.py:209]: CLI server stopped
2026-03-18 20:51:32,623 [INFO] [MainThread] [root/bar_manager.py:79]: Successfully loaded updated config and re-initialised all bars.
2026-03-18 20:51:32,908 [INFO] [MainThread] [root/bar_manager.py:104]: Stopping SystemEventListener...
2026-03-18 20:51:32,909 [INFO] [MainThread] [root/bar_manager.py:104]: Stopping KomorebiEventListener...
2026-03-18 20:51:32,909 [INFO] [MainThread] [root/bar_manager.py:104]: Stopping WindowsNotificationEventListener...
2026-03-18 20:51:33,334 [INFO] [MainThread] [root/log.py:95]: YASB v1.9.0
2026-03-18 20:51:33,335 [INFO] [CLIPipeServer] [cli_server/cli_server.py:215]: CLI server started v1.1.6
2026-03-18 20:51:33,336 [INFO] [MainThread] [cli_server/cli_server.py:106]: Log pipe server started
2026-03-18 20:51:33,388 [DEBUG] [MainThread] [qasync._windows._EventPoller/_windows.py:215]: Starting (proactor: <_IocpProactor overlapped#=0 result#=0>)...
2026-03-18 20:51:33,390 [DEBUG] [Dummy-3] [qasync._windows._EventWorker/_windows.py:195]: Thread started
2026-03-18 20:51:34,415 [ERROR] [MainThread] [root/weather.py:41]: API key or location is missing. Please provide a valid API key and location.
2026-03-18 20:51:34,431 [INFO] [MainThread] [root/service.py:41]: AudioInputService starting...
2026-03-18 20:51:34,503 [INFO] [MainThread] [root/service.py:52]: AudioOutputService starting...
2026-03-18 20:51:34,646 [INFO] [MainThread] [root/bar_manager.py:88]: Starting WindowsNotificationEventListener...
2026-03-18 20:51:34,648 [INFO] [MainThread] [root/bar_manager.py:88]: Starting SystemEventListener...
2026-03-18 20:51:34,649 [INFO] [MainThread] [root/bar_manager.py:88]: Starting KomorebiEventListener...
2026-03-18 20:51:34,651 [INFO] [MainThread] [root/watcher.py:65]: Watching directory: c:\users\kimdb1\.config\yasb
2026-03-18 20:51:34,651 [INFO] [MainThread] [root/watcher.py:104]: Created file watcher
2026-03-18 20:51:34,745 [INFO] [Dummy-8] [root/event_listener.py:51]: Created named pipe yasb-655c2df6-2325-11f1-ad64-b8f775eb87a9
2026-03-18 20:53:02,080 [DEBUG] [Thread-6] [root/watcher.py:84]: Stylesheet modified: c:\users\kimdb1\.config\yasb\styles.css
2026-03-18 20:53:48,901 [DEBUG] [Thread-6] [root/watcher.py:90]: Config file modified: c:\users\kimdb1\.config\yasb\config.yaml
2026-03-18 20:53:48,926 [INFO] [MainThread] [root/controller.py:15]: Reloading Application because of config change.
2026-03-18 20:53:49,041 [INFO] [MainThread] [cli_server/cli_server.py:114]: Log pipe server stopped
2026-03-18 20:53:49,042 [DEBUG] [MainThread] [cli_server/cli_server.py:209]: CLI server stopped
2026-03-18 20:53:49,102 [INFO] [MainThread] [root/bar_manager.py:79]: Successfully loaded updated config and re-initialised all bars.
2026-03-18 20:53:49,173 [INFO] [MainThread] [root/bar_manager.py:104]: Stopping WindowsNotificationEventListener...
2026-03-18 20:53:49,174 [INFO] [MainThread] [root/bar_manager.py:104]: Stopping SystemEventListener...
2026-03-18 20:53:49,174 [INFO] [MainThread] [root/bar_manager.py:104]: Stopping KomorebiEventListener...
2026-03-18 20:53:49,820 [INFO] [MainThread] [root/log.py:95]: YASB v1.9.0
2026-03-18 20:53:49,820 [INFO] [CLIPipeServer] [cli_server/cli_server.py:215]: CLI server started v1.1.6
2026-03-18 20:53:49,821 [INFO] [MainThread] [cli_server/cli_server.py:106]: Log pipe server started
2026-03-18 20:53:49,876 [DEBUG] [MainThread] [qasync._windows._EventPoller/_windows.py:215]: Starting (proactor: <_IocpProactor overlapped#=0 result#=0>)...
2026-03-18 20:53:49,877 [DEBUG] [Dummy-3] [qasync._windows._EventWorker/_windows.py:195]: Thread started
2026-03-18 20:53:51,073 [ERROR] [MainThread] [root/weather.py:41]: API key or location is missing. Please provide a valid API key and location.
2026-03-18 20:53:51,090 [INFO] [MainThread] [root/service.py:41]: AudioInputService starting...
2026-03-18 20:53:51,180 [INFO] [MainThread] [root/service.py:52]: AudioOutputService starting...
2026-03-18 20:53:51,322 [INFO] [MainThread] [root/bar_manager.py:88]: Starting SystemEventListener...
2026-03-18 20:53:51,322 [INFO] [MainThread] [root/bar_manager.py:88]: Starting KomorebiEventListener...
2026-03-18 20:53:51,323 [INFO] [MainThread] [root/bar_manager.py:88]: Starting WindowsNotificationEventListener...
2026-03-18 20:53:51,325 [INFO] [MainThread] [root/watcher.py:65]: Watching directory: c:\users\kimdb1\.config\yasb
2026-03-18 20:53:51,325 [INFO] [MainThread] [root/watcher.py:104]: Created file watcher
2026-03-18 20:53:51,433 [INFO] [Dummy-8] [root/event_listener.py:51]: Created named pipe yasb-b6d2dcaf-2325-11f1-bad0-b8f775eb87a9
2026-03-18 20:54:20,725 [DEBUG] [Thread-6] [root/watcher.py:84]: Stylesheet modified: c:\users\kimdb1\.config\yasb\styles.css
2026-03-18 20:54:27,559 [DEBUG] [Thread-6] [root/watcher.py:90]: Config file modified: c:\users\kimdb1\.config\yasb\config.yaml
2026-03-18 20:57:08,322 [DEBUG] [Thread-6] [root/watcher.py:90]: Config file modified: c:\users\kimdb1\.config\yasb\config.yaml
2026-03-18 20:57:08,351 [INFO] [MainThread] [root/controller.py:15]: Reloading Application because of config change.
2026-03-18 20:57:08,453 [INFO] [MainThread] [cli_server/cli_server.py:114]: Log pipe server stopped
2026-03-18 20:57:08,453 [DEBUG] [MainThread] [cli_server/cli_server.py:209]: CLI server stopped
2026-03-18 20:57:08,516 [INFO] [MainThread] [root/bar_manager.py:79]: Successfully loaded updated config and re-initialised all bars.
2026-03-18 20:57:08,592 [INFO] [MainThread] [root/bar_manager.py:104]: Stopping SystemEventListener...
2026-03-18 20:57:08,592 [INFO] [MainThread] [root/bar_manager.py:104]: Stopping KomorebiEventListener...
2026-03-18 20:57:08,592 [INFO] [MainThread] [root/bar_manager.py:104]: Stopping WindowsNotificationEventListener...
2026-03-18 20:57:09,216 [INFO] [MainThread] [root/log.py:95]: YASB v1.9.0
2026-03-18 20:57:09,217 [INFO] [CLIPipeServer] [cli_server/cli_server.py:215]: CLI server started v1.1.6
2026-03-18 20:57:09,218 [INFO] [MainThread] [cli_server/cli_server.py:106]: Log pipe server started
2026-03-18 20:57:09,296 [DEBUG] [MainThread] [qasync._windows._EventPoller/_windows.py:215]: Starting (proactor: <_IocpProactor overlapped#=0 result#=0>)...
2026-03-18 20:57:09,299 [DEBUG] [Dummy-3] [qasync._windows._EventWorker/_windows.py:195]: Thread started
2026-03-18 20:57:10,494 [ERROR] [MainThread] [root/weather.py:41]: API key or location is missing. Please provide a valid API key and location.
2026-03-18 20:57:10,511 [INFO] [MainThread] [root/service.py:41]: AudioInputService starting...
2026-03-18 20:57:10,595 [INFO] [MainThread] [root/service.py:52]: AudioOutputService starting...
2026-03-18 20:57:11,153 [INFO] [MainThread] [root/bar_manager.py:88]: Starting WindowsNotificationEventListener...
2026-03-18 20:57:11,155 [INFO] [MainThread] [root/bar_manager.py:88]: Starting SystemEventListener...
2026-03-18 20:57:11,156 [INFO] [MainThread] [root/watcher.py:65]: Watching directory: c:\users\kimdb1\.config\yasb
2026-03-18 20:57:11,157 [INFO] [MainThread] [root/watcher.py:104]: Created file watcher
2026-03-18 20:57:15,679 [DEBUG] [Thread-6] [root/watcher.py:90]: Config file modified: c:\users\kimdb1\.config\yasb\config.yaml
2026-03-18 21:00:26,818 [INFO] [MainThread] [root/log.py:95]: YASB v1.9.0
2026-03-18 21:00:26,819 [INFO] [CLIPipeServer] [cli_server/cli_server.py:215]: CLI server started v1.1.6
2026-03-18 21:00:26,820 [INFO] [MainThread] [cli_server/cli_server.py:106]: Log pipe server started
2026-03-18 21:00:26,820 [ERROR] [MainThread] [root/main.py:75]: Another instance of the YASB is already running.
2026-03-18 21:01:34,755 [INFO] [MainThread] [root/controller.py:37]: Exiting Application from tray...
2026-03-18 21:01:34,857 [INFO] [MainThread] [cli_server/cli_server.py:114]: Log pipe server stopped
2026-03-18 21:01:34,857 [DEBUG] [MainThread] [cli_server/cli_server.py:209]: CLI server stopped
2026-03-18 21:01:35,063 [INFO] [MainThread] [root/bar_manager.py:104]: Stopping WindowsNotificationEventListener...
2026-03-18 21:01:35,064 [INFO] [MainThread] [root/bar_manager.py:104]: Stopping SystemEventListener...
2026-03-18 21:01:49,988 [INFO] [MainThread] [root/log.py:95]: YASB v1.9.0
2026-03-18 21:01:49,988 [INFO] [CLIPipeServer] [cli_server/cli_server.py:215]: CLI server started v1.1.6
2026-03-18 21:01:49,989 [INFO] [MainThread] [cli_server/cli_server.py:106]: Log pipe server started
2026-03-18 21:01:50,045 [DEBUG] [MainThread] [qasync._windows._EventPoller/_windows.py:215]: Starting (proactor: <_IocpProactor overlapped#=0 result#=0>)...
2026-03-18 21:01:50,046 [DEBUG] [Dummy-3] [qasync._windows._EventWorker/_windows.py:195]: Thread started
2026-03-18 21:01:51,251 [ERROR] [MainThread] [root/weather.py:41]: API key or location is missing. Please provide a valid API key and location.
2026-03-18 21:01:51,265 [INFO] [MainThread] [root/service.py:41]: AudioInputService starting...
2026-03-18 21:01:51,345 [INFO] [MainThread] [root/service.py:52]: AudioOutputService starting...
2026-03-18 21:01:51,733 [INFO] [MainThread] [root/bar_manager.py:88]: Starting WindowsNotificationEventListener...
2026-03-18 21:01:51,735 [INFO] [MainThread] [root/bar_manager.py:88]: Starting SystemEventListener...
2026-03-18 21:01:51,736 [INFO] [MainThread] [root/watcher.py:65]: Watching directory: c:\users\kimdb1\.config\yasb
2026-03-18 21:01:51,736 [INFO] [MainThread] [root/watcher.py:104]: Created file watcher
2026-03-18 21:13:26,860 [INFO] [MainThread] [root/log.py:95]: YASB v1.9.0
2026-03-18 21:13:26,861 [INFO] [CLIPipeServer] [cli_server/cli_server.py:215]: CLI server started v1.1.6
2026-03-18 21:13:26,861 [INFO] [MainThread] [cli_server/cli_server.py:106]: Log pipe server started
2026-03-18 21:13:26,920 [DEBUG] [MainThread] [qasync._windows._EventPoller/_windows.py:215]: Starting (proactor: <_IocpProactor overlapped#=0 result#=0>)...
2026-03-18 21:13:26,921 [DEBUG] [Dummy-3] [qasync._windows._EventWorker/_windows.py:195]: Thread started
2026-03-18 21:13:27,976 [ERROR] [MainThread] [root/weather.py:41]: API key or location is missing. Please provide a valid API key and location.
2026-03-18 21:13:27,991 [INFO] [MainThread] [root/service.py:41]: AudioInputService starting...
2026-03-18 21:13:28,061 [INFO] [MainThread] [root/service.py:52]: AudioOutputService starting...
2026-03-18 21:13:28,376 [INFO] [MainThread] [root/bar_manager.py:88]: Starting SystemEventListener...
2026-03-18 21:13:28,377 [INFO] [MainThread] [root/bar_manager.py:88]: Starting WindowsNotificationEventListener...
2026-03-18 21:13:28,383 [INFO] [MainThread] [root/watcher.py:65]: Watching directory: c:\users\kimdb1\.config\yasb
2026-03-18 21:13:28,383 [INFO] [MainThread] [root/watcher.py:104]: Created file watcher
2026-03-18 21:23:58,198 [DEBUG] [Thread-6] [root/watcher.py:84]: Stylesheet modified: c:\users\kimdb1\.config\yasb\styles.css
2026-03-18 21:24:41,974 [DEBUG] [Thread-6] [root/watcher.py:90]: Config file modified: c:\users\kimdb1\.config\yasb\config.yaml
2026-03-18 21:24:43,821 [DEBUG] [Thread-6] [root/watcher.py:84]: Stylesheet modified: c:\users\kimdb1\.config\yasb\styles.css
2026-03-18 21:26:18,340 [DEBUG] [Thread-6] [root/watcher.py:90]: Config file modified: c:\users\kimdb1\.config\yasb\config.yaml
2026-03-18 21:26:18,354 [INFO] [MainThread] [root/controller.py:15]: Reloading Application because of config change.
2026-03-18 21:26:18,459 [INFO] [MainThread] [cli_server/cli_server.py:114]: Log pipe server stopped
2026-03-18 21:26:18,461 [DEBUG] [MainThread] [cli_server/cli_server.py:209]: CLI server stopped
2026-03-18 21:26:18,521 [INFO] [MainThread] [root/bar_manager.py:79]: Successfully loaded updated config and re-initialised all bars.
2026-03-18 21:26:18,823 [INFO] [MainThread] [root/bar_manager.py:104]: Stopping SystemEventListener...
2026-03-18 21:26:18,824 [INFO] [MainThread] [root/bar_manager.py:104]: Stopping WindowsNotificationEventListener...
2026-03-18 21:26:19,379 [INFO] [MainThread] [root/log.py:95]: YASB v1.9.0
2026-03-18 21:26:19,379 [INFO] [CLIPipeServer] [cli_server/cli_server.py:215]: CLI server started v1.1.6
2026-03-18 21:26:19,380 [INFO] [MainThread] [cli_server/cli_server.py:106]: Log pipe server started
2026-03-18 21:26:19,438 [DEBUG] [MainThread] [qasync._windows._EventPoller/_windows.py:215]: Starting (proactor: <_IocpProactor overlapped#=0 result#=0>)...
2026-03-18 21:26:19,439 [DEBUG] [Dummy-3] [qasync._windows._EventWorker/_windows.py:195]: Thread started
2026-03-18 21:26:20,442 [INFO] [MainThread] [root/service.py:52]: AudioOutputService starting...
2026-03-18 21:26:20,796 [INFO] [MainThread] [root/bar_manager.py:88]: Starting WindowsNotificationEventListener...
2026-03-18 21:26:20,799 [INFO] [MainThread] [root/bar_manager.py:88]: Starting SystemEventListener...
2026-03-18 21:26:20,801 [INFO] [MainThread] [root/watcher.py:65]: Watching directory: c:\users\kimdb1\.config\yasb
2026-03-18 21:26:20,801 [INFO] [MainThread] [root/watcher.py:104]: Created file watcher
2026-03-18 21:26:20,919 [DEBUG] [MainThread] [systray_widget/systray.py:492]: Loading state from C:\Users\KIMDB1\AppData\Local\YASB\systray_state_BNQZOWIEXLLCD74H04251SL0.json
2026-03-18 21:26:20,919 [DEBUG] [MainThread] [systray_widget/systray.py:502]: State file not found.
2026-03-18 21:26:20,921 [DEBUG] [SystrayMonitor] [systray_widget/systray.py:57]: Systray thread is starting...
2026-03-18 21:26:20,957 [DEBUG] [MainThread] [systray_widget/systray.py:243]: Systray thread started
2026-03-18 21:26:21,159 [DEBUG] [SystrayMonitor] [systray_widget/systray_monitor.py:168]: Adding TaskbandHWND prop to hwnd 1051952
2026-03-18 21:26:21,163 [DEBUG] [SystrayMonitor] [systray_widget/systray_monitor.py:246]: Finding real tray hwnd
2026-03-18 21:26:21,171 [DEBUG] [MainThread] [systray_widget/systray_monitor.py:160]: Sending TaskbarCreated message: 49284
2026-03-18 21:28:26,744 [INFO] [CLIPipeServer] [cli_server/cli_server.py:256]: CLI server received command: stop
2026-03-18 21:28:26,744 [INFO] [CLIPipeServer] [root/controller.py:37]: Exiting Application from CLI...
2026-03-18 21:28:26,846 [INFO] [CLIPipeServer] [cli_server/cli_server.py:114]: Log pipe server stopped
2026-03-18 21:28:26,846 [DEBUG] [CLIPipeServer] [cli_server/cli_server.py:209]: CLI server stopped
2026-03-18 21:28:27,034 [INFO] [MainThread] [root/bar_manager.py:104]: Stopping WindowsNotificationEventListener...
2026-03-18 21:28:27,035 [INFO] [MainThread] [root/bar_manager.py:104]: Stopping SystemEventListener...
2026-03-18 21:28:27,037 [DEBUG] [MainThread] [systray_widget/systray.py:470]: Saving state to disk
2026-03-18 21:28:27,038 [DEBUG] [MainThread] [systray_widget/systray.py:474]: Saving state to C:\Users\KIMDB1\AppData\Local\YASB\systray_state_BNQZOWIEXLLCD74H04251SL0.json
2026-03-18 21:28:27,038 [DEBUG] [MainThread] [systray_widget/systray.py:482]: State file not found.
2026-03-18 21:28:27,041 [DEBUG] [MainThread] [systray_widget/utils.py:97]: Destroying window 1051952
2026-03-18 21:28:27,042 [DEBUG] [MainThread] [systray_widget/utils.py:97]: Destroying window 1051952
2026-03-18 21:28:29,208 [INFO] [MainThread] [root/log.py:95]: YASB v1.9.0
2026-03-18 21:28:29,209 [INFO] [CLIPipeServer] [cli_server/cli_server.py:215]: CLI server started v1.1.6
2026-03-18 21:28:29,209 [INFO] [MainThread] [cli_server/cli_server.py:106]: Log pipe server started
2026-03-18 21:28:29,264 [DEBUG] [MainThread] [qasync._windows._EventPoller/_windows.py:215]: Starting (proactor: <_IocpProactor overlapped#=0 result#=0>)...
2026-03-18 21:28:29,266 [DEBUG] [Dummy-3] [qasync._windows._EventWorker/_windows.py:195]: Thread started
2026-03-18 21:28:30,485 [INFO] [MainThread] [root/service.py:52]: AudioOutputService starting...
2026-03-18 21:28:30,894 [INFO] [MainThread] [root/bar_manager.py:88]: Starting SystemEventListener...
2026-03-18 21:28:30,894 [INFO] [MainThread] [root/bar_manager.py:88]: Starting WindowsNotificationEventListener...
2026-03-18 21:28:30,899 [INFO] [MainThread] [root/watcher.py:65]: Watching directory: c:\users\kimdb1\.config\yasb
2026-03-18 21:28:30,899 [INFO] [MainThread] [root/watcher.py:104]: Created file watcher
2026-03-18 21:28:31,035 [DEBUG] [MainThread] [systray_widget/systray.py:492]: Loading state from C:\Users\KIMDB1\AppData\Local\YASB\systray_state_BNQZOWIEXLLCD74H04251SL0.json
2026-03-18 21:28:31,038 [DEBUG] [SystrayMonitor] [systray_widget/systray.py:57]: Systray thread is starting...
2026-03-18 21:28:31,077 [DEBUG] [MainThread] [systray_widget/systray.py:243]: Systray thread started
2026-03-18 21:28:31,278 [DEBUG] [SystrayMonitor] [systray_widget/systray_monitor.py:168]: Adding TaskbandHWND prop to hwnd 789872
2026-03-18 21:28:31,281 [DEBUG] [SystrayMonitor] [systray_widget/systray_monitor.py:246]: Finding real tray hwnd
2026-03-18 21:28:31,293 [DEBUG] [MainThread] [systray_widget/systray_monitor.py:160]: Sending TaskbarCreated message: 49284
2026-03-18 21:31:34,224 [INFO] [CLIPipeServer] [cli_server/cli_server.py:256]: CLI server received command: stop
2026-03-18 21:31:34,224 [INFO] [CLIPipeServer] [root/controller.py:37]: Exiting Application from CLI...
2026-03-18 21:31:34,333 [INFO] [CLIPipeServer] [cli_server/cli_server.py:114]: Log pipe server stopped
2026-03-18 21:31:34,333 [DEBUG] [CLIPipeServer] [cli_server/cli_server.py:209]: CLI server stopped
2026-03-18 21:31:34,569 [INFO] [MainThread] [root/bar_manager.py:104]: Stopping SystemEventListener...
2026-03-18 21:31:34,569 [INFO] [MainThread] [root/bar_manager.py:104]: Stopping WindowsNotificationEventListener...
2026-03-18 21:31:34,572 [DEBUG] [MainThread] [systray_widget/systray.py:470]: Saving state to disk
2026-03-18 21:31:34,573 [DEBUG] [MainThread] [systray_widget/systray.py:474]: Saving state to C:\Users\KIMDB1\AppData\Local\YASB\systray_state_BNQZOWIEXLLCD74H04251SL0.json
2026-03-18 21:31:34,574 [DEBUG] [MainThread] [systray_widget/utils.py:97]: Destroying window 789872
2026-03-18 21:31:34,575 [DEBUG] [MainThread] [systray_widget/utils.py:97]: Destroying window 789872
2026-03-18 21:31:36,284 [INFO] [MainThread] [root/log.py:95]: YASB v1.9.0
2026-03-18 21:31:36,284 [INFO] [CLIPipeServer] [cli_server/cli_server.py:215]: CLI server started v1.1.6
2026-03-18 21:31:36,285 [INFO] [MainThread] [cli_server/cli_server.py:106]: Log pipe server started
2026-03-18 21:31:36,343 [DEBUG] [MainThread] [qasync._windows._EventPoller/_windows.py:215]: Starting (proactor: <_IocpProactor overlapped#=0 result#=0>)...
2026-03-18 21:31:36,344 [DEBUG] [Dummy-3] [qasync._windows._EventWorker/_windows.py:195]: Thread started
2026-03-18 21:31:37,552 [ERROR] [MainThread] [root/weather.py:41]: API key or location is missing. Please provide a valid API key and location.
2026-03-18 21:31:37,568 [INFO] [MainThread] [root/service.py:52]: AudioOutputService starting...
2026-03-18 21:31:37,731 [INFO] [MainThread] [root/bar_manager.py:88]: Starting KomorebiEventListener...
2026-03-18 21:31:37,732 [INFO] [MainThread] [root/bar_manager.py:88]: Starting WindowsNotificationEventListener...
2026-03-18 21:31:37,736 [INFO] [MainThread] [root/watcher.py:65]: Watching directory: c:\users\kimdb1\.config\yasb
2026-03-18 21:31:37,736 [INFO] [MainThread] [root/watcher.py:104]: Created file watcher
2026-03-18 21:31:37,822 [INFO] [Dummy-7] [root/event_listener.py:51]: Created named pipe yasb-fdb55ce5-232a-11f1-8de0-b8f775eb87a9
2026-03-18 21:35:39,323 [DEBUG] [Thread-5] [root/watcher.py:90]: Config file modified: c:\users\kimdb1\.config\yasb\config.yaml
2026-03-18 21:35:39,370 [INFO] [MainThread] [root/controller.py:15]: Reloading Application because of config change.
2026-03-18 21:35:39,486 [INFO] [MainThread] [cli_server/cli_server.py:114]: Log pipe server stopped
2026-03-18 21:35:39,486 [DEBUG] [MainThread] [cli_server/cli_server.py:209]: CLI server stopped
2026-03-18 21:35:39,544 [INFO] [MainThread] [root/bar_manager.py:79]: Successfully loaded updated config and re-initialised all bars.
2026-03-18 21:35:39,645 [INFO] [MainThread] [root/bar_manager.py:104]: Stopping KomorebiEventListener...
2026-03-18 21:35:39,645 [INFO] [MainThread] [root/bar_manager.py:104]: Stopping WindowsNotificationEventListener...
2026-03-18 21:35:40,303 [INFO] [MainThread] [root/log.py:95]: YASB v1.9.0
2026-03-18 21:35:40,303 [INFO] [CLIPipeServer] [cli_server/cli_server.py:215]: CLI server started v1.1.6
2026-03-18 21:35:40,304 [INFO] [MainThread] [cli_server/cli_server.py:106]: Log pipe server started
2026-03-18 21:35:40,363 [DEBUG] [MainThread] [qasync._windows._EventPoller/_windows.py:215]: Starting (proactor: <_IocpProactor overlapped#=0 result#=0>)...
2026-03-18 21:35:40,365 [DEBUG] [Dummy-3] [qasync._windows._EventWorker/_windows.py:195]: Thread started
2026-03-18 21:35:41,558 [INFO] [MainThread] [root/service.py:41]: AudioInputService starting...
2026-03-18 21:35:41,629 [INFO] [MainThread] [root/service.py:52]: AudioOutputService starting...
2026-03-18 21:35:42,154 [INFO] [MainThread] [root/bar_manager.py:88]: Starting WindowsNotificationEventListener...
2026-03-18 21:35:42,156 [INFO] [MainThread] [root/bar_manager.py:88]: Starting SystemEventListener...
2026-03-18 21:35:42,156 [ERROR] [MainThread] [root/widget_builder.py:111]: Failed to validate widget(s) due to invalid options  - weather
      location:
      - Input should be a valid string
      api_key:
      - Input should be a valid string
      icons:
        snowyIcyDay:
        - Extra inputs are not permitted
        snowyIcyNight:
        - Extra inputs are not permitted
      
 - wallpapers
      image_path:
        str:
        - Input should be a valid string
        list[str]:
        - Input should be a valid list
      
2026-03-18 21:35:42,219 [INFO] [MainThread] [root/watcher.py:65]: Watching directory: c:\users\kimdb1\.config\yasb
2026-03-18 21:35:42,219 [INFO] [MainThread] [root/watcher.py:104]: Created file watcher
2026-03-18 21:36:05,353 [INFO] [MainThread] [root/log.py:95]: YASB v1.9.0
2026-03-18 21:36:05,355 [INFO] [CLIPipeServer] [cli_server/cli_server.py:215]: CLI server started v1.1.6
2026-03-18 21:36:05,356 [INFO] [MainThread] [cli_server/cli_server.py:106]: Log pipe server started
2026-03-18 21:36:05,417 [DEBUG] [MainThread] [qasync._windows._EventPoller/_windows.py:215]: Starting (proactor: <_IocpProactor overlapped#=0 result#=0>)...
2026-03-18 21:36:05,419 [DEBUG] [Dummy-3] [qasync._windows._EventWorker/_windows.py:195]: Thread started
2026-03-18 21:36:06,591 [INFO] [MainThread] [root/service.py:41]: AudioInputService starting...
2026-03-18 21:36:06,667 [INFO] [MainThread] [root/service.py:52]: AudioOutputService starting...
2026-03-18 21:36:07,093 [INFO] [MainThread] [root/bar_manager.py:88]: Starting SystemEventListener...
2026-03-18 21:36:07,094 [INFO] [MainThread] [root/bar_manager.py:88]: Starting WindowsNotificationEventListener...
2026-03-18 21:36:07,095 [ERROR] [MainThread] [root/widget_builder.py:111]: Failed to validate widget(s) due to invalid options  - weather
      location:
      - Input should be a valid string
      api_key:
      - Input should be a valid string
      icons:
        snowyIcyDay:
        - Extra inputs are not permitted
        snowyIcyNight:
        - Extra inputs are not permitted
      
 - wallpapers
      image_path:
        str:
        - Input should be a valid string
        list[str]:
        - Input should be a valid list
      
2026-03-18 21:36:07,141 [INFO] [MainThread] [root/watcher.py:65]: Watching directory: c:\users\kimdb1\.config\yasb
2026-03-18 21:36:07,141 [INFO] [MainThread] [root/watcher.py:104]: Created file watcher
2026-03-18 21:38:00,528 [DEBUG] [Thread-6] [root/watcher.py:90]: Config file modified: c:\users\kimdb1\.config\yasb\config.yaml
2026-03-18 21:38:00,562 [INFO] [MainThread] [root/controller.py:15]: Reloading Application because of config change.
2026-03-18 21:38:00,667 [INFO] [MainThread] [cli_server/cli_server.py:114]: Log pipe server stopped
2026-03-18 21:38:00,667 [DEBUG] [MainThread] [cli_server/cli_server.py:209]: CLI server stopped
2026-03-18 21:38:00,738 [INFO] [MainThread] [root/bar_manager.py:79]: Successfully loaded updated config and re-initialised all bars.
2026-03-18 21:38:00,950 [INFO] [MainThread] [root/bar_manager.py:104]: Stopping SystemEventListener...
2026-03-18 21:38:00,950 [INFO] [MainThread] [root/bar_manager.py:104]: Stopping WindowsNotificationEventListener...
2026-03-18 21:38:01,487 [INFO] [MainThread] [root/log.py:95]: YASB v1.9.0
2026-03-18 21:38:01,488 [INFO] [CLIPipeServer] [cli_server/cli_server.py:215]: CLI server started v1.1.6
2026-03-18 21:38:01,488 [INFO] [MainThread] [cli_server/cli_server.py:106]: Log pipe server started
2026-03-18 21:38:01,553 [DEBUG] [MainThread] [qasync._windows._EventPoller/_windows.py:215]: Starting (proactor: <_IocpProactor overlapped#=0 result#=0>)...
2026-03-18 21:38:01,555 [DEBUG] [Dummy-3] [qasync._windows._EventWorker/_windows.py:195]: Thread started
2026-03-18 21:38:02,758 [INFO] [MainThread] [root/service.py:41]: AudioInputService starting...
2026-03-18 21:38:02,855 [INFO] [MainThread] [root/service.py:52]: AudioOutputService starting...
2026-03-18 21:38:03,254 [INFO] [MainThread] [root/bar_manager.py:88]: Starting SystemEventListener...
2026-03-18 21:38:03,255 [INFO] [MainThread] [root/bar_manager.py:88]: Starting WindowsNotificationEventListener...
2026-03-18 21:38:03,257 [INFO] [MainThread] [root/watcher.py:65]: Watching directory: c:\users\kimdb1\.config\yasb
2026-03-18 21:38:03,258 [INFO] [MainThread] [root/watcher.py:104]: Created file watcher
2026-03-18 21:40:29,602 [DEBUG] [Thread-6] [root/watcher.py:90]: Config file modified: c:\users\kimdb1\.config\yasb\config.yaml
2026-03-18 21:40:29,629 [INFO] [MainThread] [root/controller.py:15]: Reloading Application because of config change.
2026-03-18 21:40:29,731 [INFO] [MainThread] [cli_server/cli_server.py:114]: Log pipe server stopped
2026-03-18 21:40:29,731 [DEBUG] [MainThread] [cli_server/cli_server.py:209]: CLI server stopped
2026-03-18 21:40:29,797 [INFO] [MainThread] [root/bar_manager.py:79]: Successfully loaded updated config and re-initialised all bars.
2026-03-18 21:40:30,037 [INFO] [MainThread] [root/bar_manager.py:104]: Stopping SystemEventListener...
2026-03-18 21:40:30,037 [INFO] [MainThread] [root/bar_manager.py:104]: Stopping WindowsNotificationEventListener...
2026-03-18 21:40:30,512 [INFO] [MainThread] [root/log.py:95]: YASB v1.9.0
2026-03-18 21:40:30,513 [INFO] [CLIPipeServer] [cli_server/cli_server.py:215]: CLI server started v1.1.6
2026-03-18 21:40:30,514 [INFO] [MainThread] [cli_server/cli_server.py:106]: Log pipe server started
2026-03-18 21:40:30,593 [DEBUG] [MainThread] [qasync._windows._EventPoller/_windows.py:215]: Starting (proactor: <_IocpProactor overlapped#=0 result#=0>)...
2026-03-18 21:40:30,595 [DEBUG] [Dummy-3] [qasync._windows._EventWorker/_windows.py:195]: Thread started
2026-03-18 21:40:31,729 [INFO] [MainThread] [root/service.py:41]: AudioInputService starting...
2026-03-18 21:40:31,810 [INFO] [MainThread] [root/service.py:52]: AudioOutputService starting...
2026-03-18 21:40:31,869 [WARNING] [MainThread] [root/widget_builder.py:40]: No widget config could be found for widget 'notifications
2026-03-18 21:40:32,240 [INFO] [MainThread] [root/bar_manager.py:88]: Starting SystemEventListener...
2026-03-18 21:40:32,240 [ERROR] [MainThread] [root/widget_builder.py:97]: Failed to add undefined widget(s)  - The widget "notifications" is undefined.
2026-03-18 21:40:32,303 [INFO] [MainThread] [root/watcher.py:65]: Watching directory: c:\users\kimdb1\.config\yasb
2026-03-18 21:40:32,303 [INFO] [MainThread] [root/watcher.py:104]: Created file watcher
2026-03-18 21:40:46,971 [DEBUG] [Thread-6] [root/watcher.py:90]: Config file modified: c:\users\kimdb1\.config\yasb\config.yaml
2026-03-18 21:40:46,990 [INFO] [MainThread] [root/controller.py:15]: Reloading Application because of config change.
2026-03-18 21:40:47,106 [INFO] [MainThread] [cli_server/cli_server.py:114]: Log pipe server stopped
2026-03-18 21:40:47,106 [DEBUG] [MainThread] [cli_server/cli_server.py:209]: CLI server stopped
2026-03-18 21:40:47,169 [INFO] [MainThread] [root/bar_manager.py:79]: Successfully loaded updated config and re-initialised all bars.
2026-03-18 21:40:47,369 [INFO] [MainThread] [root/bar_manager.py:104]: Stopping SystemEventListener...
2026-03-18 21:40:47,905 [INFO] [MainThread] [root/log.py:95]: YASB v1.9.0
2026-03-18 21:40:47,905 [INFO] [CLIPipeServer] [cli_server/cli_server.py:215]: CLI server started v1.1.6
2026-03-18 21:40:47,906 [INFO] [MainThread] [cli_server/cli_server.py:106]: Log pipe server started
2026-03-18 21:40:47,970 [DEBUG] [MainThread] [qasync._windows._EventPoller/_windows.py:215]: Starting (proactor: <_IocpProactor overlapped#=0 result#=0>)...
2026-03-18 21:40:47,972 [DEBUG] [Dummy-3] [qasync._windows._EventWorker/_windows.py:195]: Thread started
2026-03-18 21:40:49,029 [INFO] [MainThread] [root/service.py:41]: AudioInputService starting...
2026-03-18 21:40:49,104 [INFO] [MainThread] [root/service.py:52]: AudioOutputService starting...
2026-03-18 21:40:49,529 [INFO] [MainThread] [root/bar_manager.py:88]: Starting SystemEventListener...
2026-03-18 21:40:49,530 [INFO] [MainThread] [root/watcher.py:65]: Watching directory: c:\users\kimdb1\.config\yasb
2026-03-18 21:40:49,531 [INFO] [MainThread] [root/watcher.py:104]: Created file watcher
2026-03-18 21:41:31,822 [DEBUG] [Thread-6] [root/watcher.py:90]: Config file modified: c:\users\kimdb1\.config\yasb\config.yaml
2026-03-18 21:41:31,846 [INFO] [MainThread] [root/controller.py:15]: Reloading Application because of config change.
2026-03-18 21:41:31,963 [INFO] [MainThread] [cli_server/cli_server.py:114]: Log pipe server stopped
2026-03-18 21:41:31,963 [DEBUG] [MainThread] [cli_server/cli_server.py:209]: CLI server stopped
2026-03-18 21:41:32,036 [INFO] [MainThread] [root/bar_manager.py:79]: Successfully loaded updated config and re-initialised all bars.
2026-03-18 21:41:32,258 [INFO] [MainThread] [root/bar_manager.py:104]: Stopping SystemEventListener...
2026-03-18 21:41:32,713 [INFO] [MainThread] [root/log.py:95]: YASB v1.9.0
2026-03-18 21:41:32,714 [INFO] [CLIPipeServer] [cli_server/cli_server.py:215]: CLI server started v1.1.6
2026-03-18 21:41:32,715 [INFO] [MainThread] [cli_server/cli_server.py:106]: Log pipe server started
2026-03-18 21:41:32,779 [DEBUG] [MainThread] [qasync._windows._EventPoller/_windows.py:215]: Starting (proactor: <_IocpProactor overlapped#=0 result#=0>)...
2026-03-18 21:41:32,787 [DEBUG] [Dummy-3] [qasync._windows._EventWorker/_windows.py:195]: Thread started
2026-03-18 21:41:34,042 [INFO] [MainThread] [root/service.py:41]: AudioInputService starting...
2026-03-18 21:41:34,121 [INFO] [MainThread] [root/service.py:52]: AudioOutputService starting...
2026-03-18 21:41:34,514 [INFO] [MainThread] [root/bar_manager.py:88]: Starting SystemEventListener...
2026-03-18 21:41:34,517 [INFO] [MainThread] [root/watcher.py:65]: Watching directory: c:\users\kimdb1\.config\yasb
2026-03-18 21:41:34,517 [INFO] [MainThread] [root/watcher.py:104]: Created file watcher
2026-03-18 21:56:11,908 [DEBUG] [Thread-6] [root/watcher.py:84]: Stylesheet modified: c:\users\kimdb1\.config\yasb\styles.css
2026-03-18 21:56:17,207 [DEBUG] [Thread-6] [root/watcher.py:84]: Stylesheet modified: c:\users\kimdb1\.config\yasb\styles.css
2026-03-18 21:56:43,691 [DEBUG] [Thread-6] [root/watcher.py:84]: Stylesheet modified: c:\users\kimdb1\.config\yasb\styles.css
2026-03-18 22:10:36,511 [INFO] [MainThread] [root/bar_manager.py:104]: Stopping SystemEventListener...
2026-03-19 09:12:38,895 [INFO] [MainThread] [root/log.py:95]: YASB v1.9.0
2026-03-19 09:12:38,909 [INFO] [CLIPipeServer] [cli_server/cli_server.py:215]: CLI server started v1.1.6
2026-03-19 09:12:38,935 [INFO] [MainThread] [cli_server/cli_server.py:106]: Log pipe server started
2026-03-19 09:12:39,044 [DEBUG] [MainThread] [qasync._windows._EventPoller/_windows.py:215]: Starting (proactor: <_IocpProactor overlapped#=0 result#=0>)...
2026-03-19 09:12:39,075 [DEBUG] [Dummy-3] [qasync._windows._EventWorker/_windows.py:195]: Thread started
2026-03-19 09:12:41,025 [INFO] [MainThread] [root/service.py:41]: AudioInputService starting...
2026-03-19 09:12:41,155 [INFO] [MainThread] [root/service.py:52]: AudioOutputService starting...
2026-03-19 09:12:41,512 [INFO] [MainThread] [root/bar_manager.py:88]: Starting SystemEventListener...
2026-03-19 09:12:41,513 [INFO] [MainThread] [root/watcher.py:65]: Watching directory: c:\users\kimdb1\.config\yasb
2026-03-19 09:12:41,514 [INFO] [MainThread] [root/watcher.py:104]: Created file watcher
2026-03-19 09:57:40,696 [DEBUG] [Thread-6] [root/watcher.py:90]: Config file modified: c:\users\kimdb1\.config\yasb\config.yaml
2026-03-19 09:57:40,735 [INFO] [MainThread] [root/controller.py:15]: Reloading Application because of config change.
2026-03-19 09:57:40,850 [INFO] [MainThread] [cli_server/cli_server.py:114]: Log pipe server stopped
2026-03-19 09:57:40,850 [DEBUG] [MainThread] [cli_server/cli_server.py:209]: CLI server stopped
2026-03-19 09:57:40,935 [INFO] [MainThread] [root/bar_manager.py:79]: Successfully loaded updated config and re-initialised all bars.
2026-03-19 09:57:41,249 [INFO] [MainThread] [root/bar_manager.py:104]: Stopping SystemEventListener...
